May 12 12:36:48.684 INFO Ballot Leader Election componentMay 12 12:36:50.355 DEBG Newly elected leader: Ballot { n: 6, priority: 0, pid: 3 }
May 12 12:36:53.717 DEBG Newly elected leader: Ballot { n: 7, priority: 0, pid: 3 }
May 12 12:36:58.173 DEBG Newly elected leader: Ballot { n: 8, priority: 0, pid: 3 }
May 12 12:36:58.699 DEBG Newly elected leader: Ballot { n: 8, priority: 0, pid: 4 }
May 12 12:36:58.727 DEBG Handling promise from 1 in Prepare phase
May 12 12:36:58.734 DEBG Handling promise from 2 in Prepare phase
May 12 12:36:58.782 TRCE Got Accepted from 2, idx: 0, chosen_idx: 0
May 12 12:36:58.783 TRCE Got Accepted from 1, idx: 0, chosen_idx: 0
May 12 12:36:58.938 DEBG Self role Leader, phase Accept. Incoming message Promise Accept from 3
May 12 12:36:59.156 TRCE Got Accepted from 3, idx: 0, chosen_idx: 0
May 12 12:37:00.164 TRCE Got Accepted from 2, idx: 1, chosen_idx: 0
May 12 12:37:00.185 TRCE Got Accepted from 3, idx: 1, chosen_idx: 0
May 12 12:37:00.202 TRCE Got Accepted from 1, idx: 1, chosen_idx: 1
May 12 12:37:02.446 DEBG Newly elected leader: Ballot { n: 9, priority: 0, pid: 4 }
May 12 12:37:02.474 DEBG Handling promise from 3 in Prepare phase
May 12 12:37:02.726 DEBG Handling promise from 2 in Prepare phase
May 12 12:37:02.759 TRCE Got Accepted from 3, idx: 1, chosen_idx: 0
May 12 12:37:02.761 TRCE Got Accepted from 2, idx: 1, chosen_idx: 0
May 12 12:37:02.888 DEBG Self role Leader, phase Accept. Incoming message Promise Accept from 1
May 12 12:37:02.934 TRCE Got Accepted from 1, idx: 1, chosen_idx: 0
May 12 12:37:06.465 DEBG Newly elected leader: Ballot { n: 10, priority: 0, pid: 3 }
May 12 12:37:12.780 DEBG Newly elected leader: Ballot { n: 11, priority: 0, pid: 4 }
May 12 12:37:12.828 DEBG Handling promise from 1 in Prepare phase
May 12 12:37:12.871 DEBG Handling promise from 3 in Prepare phase
May 12 12:37:12.893 DEBG Self role Leader, phase Accept. Incoming message Promise Accept from 2
May 12 12:37:12.927 TRCE Got Accepted from 1, idx: 1, chosen_idx: 0
May 12 12:37:12.938 TRCE Got Accepted from 3, idx: 1, chosen_idx: 0
May 12 12:37:12.944 TRCE Got Accepted from 2, idx: 1, chosen_idx: 0
May 12 12:37:14.385 DEBG Newly elected leader: Ballot { n: 12, priority: 0, pid: 1 }
May 12 12:37:17.339 DEBG Newly elected leader: Ballot { n: 13, priority: 0, pid: 3 }
May 12 12:37:21.197 DEBG Newly elected leader: Ballot { n: 14, priority: 0, pid: 4 }
May 12 12:37:21.241 DEBG Handling promise from 2 in Prepare phase
May 12 12:37:21.265 DEBG Handling promise from 3 in Prepare phase
May 12 12:37:21.278 TRCE Got Accepted from 3, idx: 2, chosen_idx: 0
May 12 12:37:21.847 DEBG Self role Leader, phase Accept. Incoming message Promise Accept from 1
May 12 12:37:21.880 TRCE Got Accepted from 2, idx: 2, chosen_idx: 0
May 12 12:37:21.910 TRCE Got Accepted from 1, idx: 2, chosen_idx: 0
May 12 12:37:26.190 DEBG Newly elected leader: Ballot { n: 15, priority: 0, pid: 4 }
May 12 12:37:26.500 DEBG Handling promise from 3 in Prepare phase
May 12 12:37:26.531 DEBG Handling promise from 1 in Prepare phase
May 12 12:37:26.561 TRCE Got Accepted from 3, idx: 2, chosen_idx: 0
May 12 12:37:26.586 TRCE Got Accepted from 1, idx: 2, chosen_idx: 0
May 12 12:37:26.840 DEBG Self role Leader, phase Accept. Incoming message Promise Accept from 2
May 12 12:37:27.483 TRCE Got Accepted from 2, idx: 2, chosen_idx: 0
May 12 12:37:28.901 TRCE Got Accepted from 3, idx: 3, chosen_idx: 2
May 12 12:37:28.917 TRCE Got Accepted from 2, idx: 3, chosen_idx: 2
May 12 12:37:29.107 TRCE Got Accepted from 1, idx: 3, chosen_idx: 3
May 12 12:37:32.688 DEBG Newly elected leader: Ballot { n: 16, priority: 0, pid: 1 }
May 12 12:37:37.134 DEBG Newly elected leader: Ballot { n: 17, priority: 0, pid: 2 }
May 12 12:37:38.524 DEBG Newly elected leader: Ballot { n: 18, priority: 0, pid: 4 }
May 12 12:37:38.551 DEBG Handling promise from 3 in Prepare phase
May 12 12:37:38.554 DEBG Handling promise from 2 in Prepare phase
May 12 12:37:38.614 TRCE Got Accepted from 2, idx: 3, chosen_idx: 0
May 12 12:37:39.087 DEBG Self role Leader, phase Accept. Incoming message Promise Accept from 1
May 12 12:37:39.134 TRCE Got Accepted from 1, idx: 3, chosen_idx: 0
May 12 12:37:39.227 TRCE Got Accepted from 3, idx: 3, chosen_idx: 0
May 12 12:37:40.549 DEBG Newly elected leader: Ballot { n: 19, priority: 0, pid: 3 }
May 12 12:37:42.575 DEBG Newly elected leader: Ballot { n: 20, priority: 0, pid: 2 }
May 12 12:37:46.791 DEBG Newly elected leader: Ballot { n: 21, priority: 0, pid: 1 }
May 12 12:37:47.996 DEBG Newly elected leader: Ballot { n: 21, priority: 0, pid: 4 }
May 12 12:37:48.680 DEBG Handling promise from 1 in Prepare phase
May 12 12:37:48.682 DEBG Handling promise from 3 in Prepare phase
May 12 12:37:48.683 DEBG Self role Leader, phase Accept. Incoming message Promise Accept from 2
May 12 12:37:48.822 TRCE Got Accepted from 3, idx: 3, chosen_idx: 0
May 12 12:37:48.826 TRCE Got Accepted from 2, idx: 3, chosen_idx: 0
May 12 12:37:49.466 TRCE Got Accepted from 1, idx: 3, chosen_idx: 0
 WARN Got late response, round 14, current delay 20, ballot Ballot { n: 8, priority: 0, pid: 2 }
May 12 12:36:58.171 WARN Got late response, round 14, current delay 20, ballot Ballot { n: 8, priority: 0, pid: 3 }
May 12 12:36:58.176 TRCE Heartbeat timeout round: 14
May 12 12:36:58.203 DEBG Received a majority of heartbeats [(Ballot { n: 8, priority: 0, pid: 1 }, true), (Ballot { n: 8, priority: 0, pid: 2 }, true), (Ballot { n: 8, priority: 0, pid: 3 }, true)]
May 12 12:36:58.240 DEBG BLE 4, New Leader elected: Ballot { n: 8, priority: 0, pid: 3 }
May 12 12:36:58.283 TRCE Initiate new heartbeat round: 15
May 12 12:36:58.671 TRCE Heartbeat timeout round: 15
May 12 12:36:58.679 DEBG Received a majority of heartbeats [(Ballot { n: 8, priority: 0, pid: 1 }, true), (Ballot { n: 8, priority: 0, pid: 3 }, true), (Ballot { n: 8, priority: 0, pid: 2 }, true)]
May 12 12:36:58.688 DEBG BLE 4, New Leader elected: Ballot { n: 8, priority: 0, pid: 4 }
May 12 12:36:58.711 TRCE Initiate new heartbeat round: 16
May 12 12:36:59.457 TRCE Heartbeat timeout round: 16
May 12 12:36:59.464 DEBG Received a majority of heartbeats [(Ballot { n: 8, priority: 0, pid: 1 }, true), (Ballot { n: 8, priority: 0, pid: 2 }, true), (Ballot { n: 8, priority: 0, pid: 3 }, true)]
May 12 12:36:59.475 TRCE Initiate new heartbeat round: 17
May 12 12:37:00.143 TRCE Heartbeat timeout round: 17
May 12 12:37:00.148 DEBG Received a majority of heartbeats [(Ballot { n: 8, priority: 0, pid: 3 }, true), (Ballot { n: 8, priority: 0, pid: 1 }, true), (Ballot { n: 8, priority: 0, pid: 2 }, true)]
May 12 12:37:00.150 TRCE Initiate new heartbeat round: 18
May 12 12:37:01.146 TRCE Heartbeat timeout round: 18
May 12 12:37:01.153 DEBG Received a majority of heartbeats [(Ballot { n: 8, priority: 0, pid: 1 }, true), (Ballot { n: 8, priority: 0, pid: 2 }, false), (Ballot { n: 8, priority: 0, pid: 3 }, true)]
May 12 12:37:01.163 TRCE Initiate new heartbeat round: 19
May 12 12:37:01.179 TRCE Heartbeat timeout round: 19
May 12 12:37:01.197 WARN Did not receive a majority of heartbeats []
May 12 12:37:01.203 TRCE Initiate new heartbeat round: 20
May 12 12:37:01.230 WARN Got late response, round 20, current delay 20, ballot Ballot { n: 8, priority: 0, pid: 2 }
May 12 12:37:01.249 WARN Got late response, round 20, current delay 20, ballot Ballot { n: 8, priority: 0, pid: 3 }
May 12 12:37:01.287 WARN Got late response, round 20, current delay 20, ballot Ballot { n: 8, priority: 0, pid: 1 }
May 12 12:37:01.927 TRCE Heartbeat timeout round: 20
May 12 12:37:01.932 DEBG Received a majority of heartbeats [(Ballot { n: 8, priority: 0, pid: 2 }, true), (Ballot { n: 8, priority: 0, pid: 3 }, true), (Ballot { n: 8, priority: 0, pid: 1 }, true)]
May 12 12:37:01.935 TRCE Initiate new heartbeat round: 21
May 12 12:37:02.427 TRCE Heartbeat timeout round: 21
May 12 12:37:02.431 DEBG Received a majority of heartbeats [(Ballot { n: 8, priority: 0, pid: 1 }, true), (Ballot { n: 8, priority: 0, pid: 2 }, true), (Ballot { n: 8, priority: 0, pid: 3 }, true)]
May 12 12:37:02.432 DEBG BLE 4, New Leader elected: Ballot { n: 9, priority: 0, pid: 4 }
May 12 12:37:02.434 TRCE Initiate new heartbeat round: 22
May 12 12:37:03.057 TRCE Heartbeat timeout round: 22
May 12 12:37:03.062 DEBG Received a majority of heartbeats [(Ballot { n: 8, priority: 0, pid: 3 }, true), (Ballot { n: 9, priority: 0, pid: 2 }, true), (Ballot { n: 8, priority: 0, pid: 1 }, true)]
May 12 12:37:03.065 TRCE Initiate new heartbeat round: 23
May 12 12:37:03.869 TRCE Heartbeat timeout round: 23
May 12 12:37:03.874 DEBG Received a majority of heartbeats [(Ballot { n: 9, priority: 0, pid: 2 }, true), (Ballot { n: 8, priority: 0, pid: 3 }, true), (Ballot { n: 8, priority: 0, pid: 1 }, true)]
May 12 12:37:03.877 TRCE Initiate new heartbeat round: 24
May 12 12:37:04.309 TRCE Heartbeat timeout round: 24
May 12 12:37:04.312 DEBG Received a majority of heartbeats [(Ballot { n: 8, priority: 0, pid: 3 }, true), (Ballot { n: 9, priority: 0, pid: 2 }, true), (Ballot { n: 8, priority: 0, pid: 1 }, true)]
May 12 12:37:04.314 TRCE Initiate new heartbeat round: 25
May 12 12:37:04.933 TRCE Heartbeat timeout round: 25
May 12 12:37:04.937 DEBG Received a majority of heartbeats [(Ballot { n: 9, priority: 0, pid: 2 }, true), (Ballot { n: 8, priority: 0, pid: 1 }, true), (Ballot { n: 8, priority: 0, pid: 3 }, true)]
May 12 12:37:04.939 TRCE Initiate new heartbeat round: 26
May 12 12:37:05.558 TRCE Heartbeat timeout round: 26
May 12 12:37:05.561 DEBG Received a majority of heartbeats [(Ballot { n: 8, priority: 0, pid: 3 }, true), (Ballot { n: 8, priority: 0, pid: 1 }, true), (Ballot { n: 9, priority: 0, pid: 2 }, true)]
May 12 12:37:05.562 TRCE Initiate new heartbeat round: 27
May 12 12:37:06.462 TRCE Heartbeat timeout round: 27
May 12 12:37:06.466 DEBG Received a majority of heartbeats [(Ballot { n: 10, priority: 0, pid: 3 }, true), (Ballot { n: 9, priority: 0, pid: 2 }, true), (Ballot { n: 8, priority: 0, pid: 1 }, true)]
May 12 12:37:06.468 DEBG BLE 4, New Leader elected: Ballot { n: 10, priority: 0, pid: 3 }
May 12 12:37:06.470 TRCE Initiate new heartbeat round: 28
May 12 12:37:07.152 TRCE Heartbeat timeout round: 28
May 12 12:37:07.155 DEBG Received a majority of heartbeats [(Ballot { n: 8, priority: 0, pid: 1 }, true), (Ballot { n: 10, priority: 0, pid: 3 }, true)]
May 12 12:37:07.157 TRCE Initiate new heartbeat round: 29
May 12 12:37:07.158 WARN Got late response, round 29, current delay 20, ballot Ballot { n: 9, priority: 0, pid: 2 }
May 12 12:37:07.434 TRCE Heartbeat timeout round: 29
May 12 12:37:07.446 DEBG Received a majority of heartbeats [(Ballot { n: 9, priority: 0, pid: 2 }, true), (Ballot { n: 10, priority: 0, pid: 3 }, true), (Ballot { n: 8, priority: 0, pid: 1 }, true)]
May 12 12:37:07.454 TRCE Initiate new heartbeat round: 30
May 12 12:37:08.064 TRCE Heartbeat timeout round: 30
May 12 12:37:08.068 WARN Did not receive a majority of heartbeats [(Ballot { n: 8, priority: 0, pid: 1 }, true)]
May 12 12:37:08.070 TRCE Initiate new heartbeat round: 31
May 12 12:37:08.099 WARN Got late response, round 31, current delay 20, ballot Ballot { n: 9, priority: 0, pid: 2 }
May 12 12:37:08.129 WARN Got late response, round 31, current delay 20, ballot Ballot { n: 10, priority: 0, pid: 3 }
May 12 12:37:08.689 TRCE Heartbeat timeout round: 31
May 12 12:37:08.692 DEBG Received a majority of heartbeats [(Ballot { n: 8, priority: 0, pid: 1 }, true), (Ballot { n: 10, priority: 0, pid: 3 }, true), (Ballot { n: 9, priority: 0, pid: 2 }, true)]
May 12 12:37:08.693 TRCE Initiate new heartbeat round: 32
May 12 12:37:09.474 TRCE Heartbeat timeout round: 32
May 12 12:37:09.479 DEBG Received a majority of heartbeats [(Ballot { n: 9, priority: 0, pid: 2 }, true), (Ballot { n: 8, priority: 0, pid: 1 }, false), (Ballot { n: 10, priority: 0, pid: 3 }, true)]
May 12 12:37:09.483 TRCE Initiate new heartbeat round: 33
May 12 12:37:10.317 TRCE Heartbeat timeout round: 33
May 12 12:37:10.332 DEBG Received a majority of heartbeats [(Ballot { n: 10, priority: 0, pid: 3 }, true), (Ballot { n: 9, priority: 0, pid: 2 }, true)]
May 12 12:37:10.339 TRCE Initiate new heartbeat round: 34
May 12 12:37:10.342 WARN Got late response, round 34, current delay 20, ballot Ballot { n: 8, priority: 0, pid: 1 }
May 12 12:37:10.567 TRCE Heartbeat timeout round: 34
May 12 12:37:10.571 DEBG Received a majority of heartbeats [(Ballot { n: 10, priority: 0, pid: 3 }, true), (Ballot { n: 8, priority: 0, pid: 1 }, false)]
May 12 12:37:10.573 TRCE Initiate new heartbeat round: 35
May 12 12:37:10.788 WARN Got late response, round 35, current delay 20, ballot Ballot { n: 9, priority: 0, pid: 2 }
May 12 12:37:11.189 TRCE Heartbeat timeout round: 35
May 12 12:37:11.193 DEBG Received a majority of heartbeats [(Ballot { n: 8, priority: 0, pid: 1 }, false), (Ballot { n: 9, priority: 0, pid: 2 }, true), (Ballot { n: 10, priority: 0, pid: 3 }, true)]
May 12 12:37:11.196 TRCE Initiate new heartbeat round: 36
May 12 12:37:12.035 TRCE Heartbeat timeout round: 36
May 12 12:37:12.053 DEBG Received a majority of heartbeats [(Ballot { n: 9, priority: 0, pid: 2 }, true), (Ballot { n: 8, priority: 0, pid: 1 }, true)]
May 12 12:37:12.064 TRCE Initiate new heartbeat round: 37
May 12 12:37:12.113 WARN Got late response, round 37, current delay 20, ballot Ballot { n: 10, priority: 0, pid: 3 }
May 12 12:37:12.787 TRCE Heartbeat timeout round: 37
May 12 12:37:12.789 DEBG Received a majority of heartbeats [(Ballot { n: 11, priority: 0, pid: 1 }, true), (Ballot { n: 10, priority: 0, pid: 3 }, true), (Ballot { n: 11, priority: 0, pid: 2 }, true)]
May 12 12:37:12.791 DEBG BLE 4, New Leader elected: Ballot { n: 11, priority: 0, pid: 4 }
May 12 12:37:12.799 TRCE Initiate new heartbeat round: 38
May 12 12:37:13.059 TRCE Heartbeat timeout round: 38
May 12 12:37:13.062 DEBG Received a majority of heartbeats [(Ballot { n: 11, priority: 0, pid: 1 }, true), (Ballot { n: 11, priority: 0, pid: 2 }, true), (Ballot { n: 10, priority: 0, pid: 3 }, true)]
May 12 12:37:13.069 TRCE Initiate new heartbeat round: 39
May 12 12:37:13.678 TRCE Heartbeat timeout round: 39
May 12 12:37:13.685 DEBG Received a majority of heartbeats [(Ballot { n: 11, priority: 0, pid: 2 }, true), (Ballot { n: 11, priority: 0, pid: 1 }, true), (Ballot { n: 10, priority: 0, pid: 3 }, false)]
May 12 12:37:13.689 TRCE Initiate new heartbeat round: 40
May 12 12:37:14.336 TRCE Heartbeat timeout round: 40
May 12 12:37:14.373 DEBG Received a majority of heartbeats [(Ballot { n: 12, priority: 0, pid: 1 }, true), (Ballot { n: 10, priority: 0, pid: 3 }, true), (Ballot { n: 11, priority: 0, pid: 2 }, true)]
May 12 12:37:14.405 DEBG BLE 4, New Leader elected: Ballot { n: 12, priority: 0, pid: 1 }
May 12 12:37:14.419 TRCE Initiate new heartbeat round: 41
May 12 12:37:14.929 TRCE Heartbeat timeout round: 41
May 12 12:37:14.934 DEBG Received a majority of heartbeats [(Ballot { n: 12, priority: 0, pid: 1 }, true), (Ballot { n: 11, priority: 0, pid: 2 }, true), (Ballot { n: 10, priority: 0, pid: 3 }, true)]
May 12 12:37:14.936 TRCE Initiate new heartbeat round: 42
May 12 12:37:16.175 TRCE Heartbeat timeout round: 42
May 12 12:37:16.178 DEBG Received a majority of heartbeats [(Ballot { n: 12, priority: 0, pid: 1 }, true), (Ballot { n: 10, priority: 0, pid: 3 }, true), (Ballot { n: 11, priority: 0, pid: 2 }, true)]
May 12 12:37:16.179 TRCE Initiate new heartbeat round: 43
May 12 12:37:16.181 TRCE Heartbeat timeout round: 43
May 12 12:37:16.182 WARN Did not receive a majority of heartbeats []
May 12 12:37:16.184 TRCE Initiate new heartbeat round: 44
May 12 12:37:16.206 WARN Got late response, round 44, current delay 20, ballot Ballot { n: 12, priority: 0, pid: 1 }
May 12 12:37:16.237 WARN Got late response, round 44, current delay 20, ballot Ballot { n: 13, priority: 0, pid: 3 }
May 12 12:37:16.584 WARN Got late response, round 44, current delay 20, ballot Ballot { n: 13, priority: 0, pid: 2 }
May 12 12:37:17.332 TRCE Heartbeat timeout round: 44
May 12 12:37:17.337 DEBG Received a majority of heartbeats [(Ballot { n: 12, priority: 0, pid: 1 }, true), (Ballot { n: 13, priority: 0, pid: 3 }, true), (Ballot { n: 13, priority: 0, pid: 2 }, true)]
May 12 12:37:17.341 DEBG BLE 4, New Leader elected: Ballot { n: 13, priority: 0, pid: 3 }
May 12 12:37:17.346 TRCE Initiate new heartbeat round: 45
May 12 12:37:17.423 TRCE Heartbeat timeout round: 45
May 12 12:37:17.426 WARN Did not receive a majority of heartbeats [(Ballot { n: 13, priority: 0, pid: 2 }, true)]
May 12 12:37:17.427 TRCE Initiate new heartbeat round: 46
May 12 12:37:17.662 WARN Got late response, round 46, current delay 20, ballot Ballot { n: 12, priority: 0, pid: 1 }
May 12 12:37:18.391 WARN Got late response, round 46, current delay 20, ballot Ballot { n: 13, priority: 0, pid: 3 }
May 12 12:37:18.395 TRCE Heartbeat timeout round: 46
May 12 12:37:18.398 DEBG Received a majority of heartbeats [(Ballot { n: 13, priority: 0, pid: 2 }, true), (Ballot { n: 12, priority: 0, pid: 1 }, true), (Ballot { n: 13, priority: 0, pid: 3 }, true)]
May 12 12:37:18.399 TRCE Initiate new heartbeat round: 47
May 12 12:37:19.298 TRCE Heartbeat timeout round: 47
May 12 12:37:19.306 DEBG Received a majority of heartbeats [(Ballot { n: 13, priority: 0, pid: 3 }, true), (Ballot { n: 12, priority: 0, pid: 1 }, true), (Ballot { n: 13, priority: 0, pid: 2 }, true)]
May 12 12:37:19.315 TRCE Initiate new heartbeat round: 48
May 12 12:37:19.337 TRCE Heartbeat timeout round: 48
May 12 12:37:19.379 WARN Did not receive a majority of heartbeats []
May 12 12:37:19.405 TRCE Initiate new heartbeat round: 49
May 12 12:37:19.419 WARN Got late response, round 49, current delay 20, ballot Ballot { n: 12, priority: 0, pid: 1 }
May 12 12:37:19.440 WARN Got late response, round 49, current delay 20, ballot Ballot { n: 13, priority: 0, pid: 3 }
May 12 12:37:19.448 WARN Got late response, round 49, current delay 20, ballot Ballot { n: 13, priority: 0, pid: 2 }
May 12 12:37:20.078 TRCE Heartbeat timeout round: 49
May 12 12:37:20.085 DEBG Received a majority of heartbeats [(Ballot { n: 12, priority: 0, pid: 1 }, true), (Ballot { n: 13, priority: 0, pid: 3 }, true), (Ballot { n: 13, priority: 0, pid: 2 }, true)]
May 12 12:37:20.088 TRCE Initiate new heartbeat round: 50
May 12 12:37:21.110 TRCE Heartbeat timeout round: 50
May 12 12:37:21.113 DEBG Received a majority of heartbeats [(Ballot { n: 12, priority: 0, pid: 1 }, true), (Ballot { n: 13, priority: 0, pid: 2 }, true)]
May 12 12:37:21.116 TRCE Initiate new heartbeat round: 51
May 12 12:37:21.117 WARN Got late response, round 51, current delay 20, ballot Ballot { n: 13, priority: 0, pid: 3 }
May 12 12:37:21.173 TRCE Heartbeat timeout round: 51
May 12 12:37:21.190 DEBG Received a majority of heartbeats [(Ballot { n: 14, priority: 0, pid: 2 }, true), (Ballot { n: 13, priority: 0, pid: 3 }, true), (Ballot { n: 14, priority: 0, pid: 1 }, true)]
May 12 12:37:21.193 DEBG BLE 4, New Leader elected: Ballot { n: 14, priority: 0, pid: 4 }
May 12 12:37:21.198 TRCE Initiate new heartbeat round: 52
May 12 12:37:21.794 TRCE Heartbeat timeout round: 52
May 12 12:37:21.797 DEBG Received a majority of heartbeats [(Ballot { n: 13, priority: 0, pid: 3 }, true), (Ballot { n: 14, priority: 0, pid: 2 }, true), (Ballot { n: 14, priority: 0, pid: 1 }, true)]
May 12 12:37:21.798 TRCE Initiate new heartbeat round: 53
May 12 12:37:22.890 TRCE Heartbeat timeout round: 53
May 12 12:37:22.898 DEBG Received a majority of heartbeats [(Ballot { n: 13, priority: 0, pid: 3 }, true), (Ballot { n: 14, priority: 0, pid: 1 }, true), (Ballot { n: 14, priority: 0, pid: 2 }, true)]
May 12 12:37:22.905 TRCE Initiate new heartbeat round: 54
May 12 12:37:23.044 TRCE Heartbeat timeout round: 54
May 12 12:37:23.048 DEBG Received a majority of heartbeats [(Ballot { n: 14, priority: 0, pid: 1 }, true), (Ballot { n: 14, priority: 0, pid: 2 }, true)]
May 12 12:37:23.051 TRCE Initiate new heartbeat round: 55
May 12 12:37:23.141 WARN Got late response, round 55, current delay 20, ballot Ballot { n: 13, priority: 0, pid: 3 }
May 12 12:37:23.667 TRCE Heartbeat timeout round: 55
May 12 12:37:23.672 DEBG Received a majority of heartbeats [(Ballot { n: 14, priority: 0, pid: 1 }, true), (Ballot { n: 14, priority: 0, pid: 2 }, true), (Ballot { n: 13, priority: 0, pid: 3 }, true)]
May 12 12:37:23.674 TRCE Initiate new heartbeat round: 56
May 12 12:37:24.605 TRCE Heartbeat timeout round: 56
May 12 12:37:24.609 DEBG Received a majority of heartbeats [(Ballot { n: 13, priority: 0, pid: 3 }, true), (Ballot { n: 14, priority: 0, pid: 2 }, true), (Ballot { n: 14, priority: 0, pid: 1 }, true)]
May 12 12:37:24.612 TRCE Initiate new heartbeat round: 57
May 12 12:37:24.923 TRCE Heartbeat timeout round: 57
May 12 12:37:24.927 WARN Did not receive a majority of heartbeats [(Ballot { n: 13, priority: 0, pid: 3 }, false)]
May 12 12:37:24.929 TRCE Initiate new heartbeat round: 58
May 12 12:37:25.076 WARN Got late response, round 58, current delay 20, ballot Ballot { n: 14, priority: 0, pid: 1 }
May 12 12:37:25.140 WARN Got late response, round 58, current delay 20, ballot Ballot { n: 14, priority: 0, pid: 2 }
May 12 12:37:25.828 TRCE Heartbeat timeout round: 58
May 12 12:37:25.839 DEBG Received a majority of heartbeats [(Ballot { n: 13, priority: 0, pid: 3 }, true), (Ballot { n: 14, priority: 0, pid: 1 }, true), (Ballot { n: 14, priority: 0, pid: 2 }, true)]
May 12 12:37:25.848 TRCE Initiate new heartbeat round: 59
May 12 12:37:26.173 TRCE Heartbeat timeout round: 59
May 12 12:37:26.177 DEBG Received a majority of heartbeats [(Ballot { n: 14, priority: 0, pid: 2 }, true), (Ballot { n: 14, priority: 0, pid: 1 }, true)]
May 12 12:37:26.179 DEBG BLE 4, New Leader elected: Ballot { n: 15, priority: 0, pid: 4 }
May 12 12:37:26.181 TRCE Initiate new heartbeat round: 60
May 12 12:37:26.518 WARN Got late response, round 60, current delay 20, ballot Ballot { n: 13, priority: 0, pid: 3 }
May 12 12:37:26.793 TRCE Heartbeat timeout round: 60
May 12 12:37:26.799 DEBG Received a majority of heartbeats [(Ballot { n: 13, priority: 0, pid: 3 }, true), (Ballot { n: 14, priority: 0, pid: 1 }, true)]
May 12 12:37:26.803 TRCE Initiate new heartbeat round: 61
May 12 12:37:26.812 WARN Got late response, round 61, current delay 20, ballot Ballot { n: 14, priority: 0, pid: 2 }
May 12 12:37:27.514 TRCE Heartbeat timeout round: 61
May 12 12:37:27.519 DEBG Received a majority of heartbeats [(Ballot { n: 14, priority: 0, pid: 1 }, true), (Ballot { n: 13, priority: 0, pid: 3 }, false), (Ballot { n: 14, priority: 0, pid: 2 }, true)]
May 12 12:37:27.531 TRCE Initiate new heartbeat round: 62
May 12 12:37:28.046 TRCE Heartbeat timeout round: 62
May 12 12:37:28.049 DEBG Received a majority of heartbeats [(Ballot { n: 14, priority: 0, pid: 1 }, true), (Ballot { n: 13, priority: 0, pid: 3 }, true)]
May 12 12:37:28.051 TRCE Initiate new heartbeat round: 63
May 12 12:37:28.077 WARN Got late response, round 63, current delay 20, ballot Ballot { n: 14, priority: 0, pid: 2 }
May 12 12:37:28.766 TRCE Heartbeat timeout round: 63
May 12 12:37:28.789 DEBG Received a majority of heartbeats [(Ballot { n: 14, priority: 0, pid: 2 }, true), (Ballot { n: 14, priority: 0, pid: 1 }, true), (Ballot { n: 15, priority: 0, pid: 3 }, true)]
May 12 12:37:28.794 TRCE Initiate new heartbeat round: 64
May 12 12:37:29.699 TRCE Heartbeat timeout round: 64
May 12 12:37:29.703 DEBG Received a majority of heartbeats [(Ballot { n: 15, priority: 0, pid: 3 }, true), (Ballot { n: 14, priority: 0, pid: 2 }, false), (Ballot { n: 15, priority: 0, pid: 1 }, true)]
May 12 12:37:29.706 TRCE Initiate new heartbeat round: 65
May 12 12:37:29.918 TRCE Heartbeat timeout round: 65
May 12 12:37:29.927 DEBG Received a majority of heartbeats [(Ballot { n: 14, priority: 0, pid: 2 }, true), (Ballot { n: 15, priority: 0, pid: 1 }, true), (Ballot { n: 15, priority: 0, pid: 3 }, true)]
May 12 12:37:29.934 TRCE Initiate new heartbeat round: 66
May 12 12:37:30.543 TRCE Heartbeat timeout round: 66
May 12 12:37:30.546 DEBG Received a majority of heartbeats [(Ballot { n: 15, priority: 0, pid: 1 }, true), (Ballot { n: 15, priority: 0, pid: 3 }, true), (Ballot { n: 14, priority: 0, pid: 2 }, true)]
May 12 12:37:30.548 TRCE Initiate new heartbeat round: 67
May 12 12:37:31.169 TRCE Heartbeat timeout round: 67
May 12 12:37:31.174 DEBG Received a majority of heartbeats [(Ballot { n: 15, priority: 0, pid: 1 }, true), (Ballot { n: 14, priority: 0, pid: 2 }, true), (Ballot { n: 15, priority: 0, pid: 3 }, true)]
May 12 12:37:31.177 TRCE Initiate new heartbeat round: 68
May 12 12:37:31.887 TRCE Heartbeat timeout round: 68
May 12 12:37:31.938 DEBG Received a majority of heartbeats [(Ballot { n: 15, priority: 0, pid: 3 }, true), (Ballot { n: 14, priority: 0, pid: 2 }, true), (Ballot { n: 15, priority: 0, pid: 1 }, true)]
May 12 12:37:31.949 TRCE Initiate new heartbeat round: 69
May 12 12:37:32.671 TRCE Heartbeat timeout round: 69
May 12 12:37:32.747 DEBG Received a majority of heartbeats [(Ballot { n: 15, priority: 0, pid: 3 }, true), (Ballot { n: 16, priority: 0, pid: 1 }, true), (Ballot { n: 14, priority: 0, pid: 2 }, true)]
May 12 12:37:32.775 DEBG BLE 4, New Leader elected: Ballot { n: 16, priority: 0, pid: 1 }
May 12 12:37:32.799 TRCE Initiate new heartbeat round: 70
May 12 12:37:33.040 TRCE Heartbeat timeout round: 70
May 12 12:37:33.044 DEBG Received a majority of heartbeats [(Ballot { n: 16, priority: 0, pid: 1 }, true), (Ballot { n: 15, priority: 0, pid: 3 }, true), (Ballot { n: 14, priority: 0, pid: 2 }, false)]
May 12 12:37:33.046 TRCE Initiate new heartbeat round: 71
May 12 12:37:33.822 TRCE Heartbeat timeout round: 71
May 12 12:37:33.827 DEBG Received a majority of heartbeats [(Ballot { n: 16, priority: 0, pid: 1 }, true), (Ballot { n: 14, priority: 0, pid: 2 }, false), (Ballot { n: 15, priority: 0, pid: 3 }, true)]
May 12 12:37:33.830 TRCE Initiate new heartbeat round: 72
May 12 12:37:34.288 TRCE Heartbeat timeout round: 72
May 12 12:37:34.291 DEBG Received a majority of heartbeats [(Ballot { n: 15, priority: 0, pid: 3 }, true), (Ballot { n: 16, priority: 0, pid: 1 }, true), (Ballot { n: 14, priority: 0, pid: 2 }, true)]
May 12 12:37:34.294 TRCE Initiate new heartbeat round: 73
May 12 12:37:35.066 TRCE Heartbeat timeout round: 73
May 12 12:37:35.070 DEBG Received a majority of heartbeats [(Ballot { n: 14, priority: 0, pid: 2 }, true), (Ballot { n: 16, priority: 0, pid: 1 }, true), (Ballot { n: 15, priority: 0, pid: 3 }, true)]
May 12 12:37:35.074 TRCE Initiate new heartbeat round: 74
May 12 12:37:35.539 TRCE Heartbeat timeout round: 74
May 12 12:37:35.544 DEBG Received a majority of heartbeats [(Ballot { n: 16, priority: 0, pid: 1 }, true), (Ballot { n: 15, priority: 0, pid: 3 }, true), (Ballot { n: 14, priority: 0, pid: 2 }, false)]
May 12 12:37:35.547 TRCE Initiate new heartbeat round: 75
May 12 12:37:36.232 TRCE Heartbeat timeout round: 75
May 12 12:37:36.251 DEBG Received a majority of heartbeats [(Ballot { n: 15, priority: 0, pid: 3 }, true), (Ballot { n: 16, priority: 0, pid: 1 }, true)]
May 12 12:37:36.261 TRCE Initiate new heartbeat round: 76
May 12 12:37:36.266 WARN Got late response, round 76, current delay 20, ballot Ballot { n: 14, priority: 0, pid: 2 }
May 12 12:37:37.139 TRCE Heartbeat timeout round: 76
May 12 12:37:37.155 DEBG Received a majority of heartbeats [(Ballot { n: 16, priority: 0, pid: 1 }, false), (Ballot { n: 17, priority: 0, pid: 2 }, true), (Ballot { n: 15, priority: 0, pid: 3 }, true)]
May 12 12:37:37.163 DEBG BLE 4, New Leader elected: Ballot { n: 17, priority: 0, pid: 2 }
May 12 12:37:37.169 TRCE Initiate new heartbeat round: 77
May 12 12:37:37.417 TRCE Heartbeat timeout round: 77
May 12 12:37:37.425 DEBG Received a majority of heartbeats [(Ballot { n: 16, priority: 0, pid: 1 }, true), (Ballot { n: 15, priority: 0, pid: 3 }, true)]
May 12 12:37:37.433 TRCE Initiate new heartbeat round: 78
May 12 12:37:37.700 WARN Got late response, round 78, current delay 20, ballot Ballot { n: 17, priority: 0, pid: 2 }
May 12 12:37:38.505 TRCE Heartbeat timeout round: 78
May 12 12:37:38.511 DEBG Received a majority of heartbeats [(Ballot { n: 15, priority: 0, pid: 3 }, true), (Ballot { n: 16, priority: 0, pid: 1 }, true), (Ballot { n: 17, priority: 0, pid: 2 }, true)]
May 12 12:37:38.513 DEBG BLE 4, New Leader elected: Ballot { n: 18, priority: 0, pid: 4 }
May 12 12:37:38.514 TRCE Initiate new heartbeat round: 79
May 12 12:37:38.659 TRCE Heartbeat timeout round: 79
May 12 12:37:38.670 DEBG Received a majority of heartbeats [(Ballot { n: 15, priority: 0, pid: 3 }, true), (Ballot { n: 17, priority: 0, pid: 2 }, true)]
May 12 12:37:38.682 TRCE Initiate new heartbeat round: 80
May 12 12:37:39.148 WARN Got late response, round 80, current delay 20, ballot Ballot { n: 18, priority: 0, pid: 1 }
May 12 12:37:39.937 TRCE Heartbeat timeout round: 80
May 12 12:37:39.943 DEBG Received a majority of heartbeats [(Ballot { n: 17, priority: 0, pid: 2 }, true), (Ballot { n: 18, priority: 0, pid: 1 }, true), (Ballot { n: 15, priority: 0, pid: 3 }, true)]
May 12 12:37:39.955 TRCE Initiate new heartbeat round: 81
May 12 12:37:39.975 TRCE Heartbeat timeout round: 81
May 12 12:37:40.008 WARN Did not receive a majority of heartbeats []
May 12 12:37:40.027 TRCE Initiate new heartbeat round: 82
May 12 12:37:40.046 WARN Got late response, round 82, current delay 20, ballot Ballot { n: 19, priority: 0, pid: 3 }
May 12 12:37:40.049 WARN Got late response, round 82, current delay 20, ballot Ballot { n: 18, priority: 0, pid: 1 }
May 12 12:37:40.313 WARN Got late response, round 82, current delay 20, ballot Ballot { n: 17, priority: 0, pid: 2 }
May 12 12:37:40.532 TRCE Heartbeat timeout round: 82
May 12 12:37:40.536 DEBG Received a majority of heartbeats [(Ballot { n: 19, priority: 0, pid: 3 }, true), (Ballot { n: 18, priority: 0, pid: 1 }, true), (Ballot { n: 17, priority: 0, pid: 2 }, true)]
May 12 12:37:40.539 DEBG BLE 4, New Leader elected: Ballot { n: 19, priority: 0, pid: 3 }
May 12 12:37:40.542 TRCE Initiate new heartbeat round: 83
May 12 12:37:41.810 TRCE Heartbeat timeout round: 83
May 12 12:37:41.815 DEBG Received a majority of heartbeats [(Ballot { n: 19, priority: 0, pid: 3 }, true), (Ballot { n: 18, priority: 0, pid: 1 }, true), (Ballot { n: 17, priority: 0, pid: 2 }, true)]
May 12 12:37:41.825 TRCE Initiate new heartbeat round: 84
May 12 12:37:41.841 TRCE Heartbeat timeout round: 84
May 12 12:37:41.845 WARN Did not receive a majority of heartbeats []
May 12 12:37:41.867 TRCE Initiate new heartbeat round: 85
May 12 12:37:41.869 WARN Got late response, round 85, current delay 20, ballot Ballot { n: 19, priority: 0, pid: 3 }
May 12 12:37:41.890 WARN Got late response, round 85, current delay 20, ballot Ballot { n: 20, priority: 0, pid: 2 }
May 12 12:37:41.893 WARN Got late response, round 85, current delay 20, ballot Ballot { n: 20, priority: 0, pid: 1 }
May 12 12:37:42.558 TRCE Heartbeat timeout round: 85
May 12 12:37:42.563 DEBG Received a majority of heartbeats [(Ballot { n: 19, priority: 0, pid: 3 }, true), (Ballot { n: 20, priority: 0, pid: 2 }, true), (Ballot { n: 20, priority: 0, pid: 1 }, true)]
May 12 12:37:42.564 DEBG BLE 4, New Leader elected: Ballot { n: 20, priority: 0, pid: 2 }
May 12 12:37:42.566 TRCE Initiate new heartbeat round: 86
May 12 12:37:43.306 TRCE Heartbeat timeout round: 86
May 12 12:37:43.309 DEBG Received a majority of heartbeats [(Ballot { n: 20, priority: 0, pid: 2 }, true), (Ballot { n: 20, priority: 0, pid: 1 }, true)]
May 12 12:37:43.311 TRCE Initiate new heartbeat round: 87
May 12 12:37:43.312 WARN Got late response, round 87, current delay 20, ballot Ballot { n: 19, priority: 0, pid: 3 }
May 12 12:37:44.059 TRCE Heartbeat timeout round: 87
May 12 12:37:44.062 DEBG Received a majority of heartbeats [(Ballot { n: 20, priority: 0, pid: 1 }, true), (Ballot { n: 19, priority: 0, pid: 3 }, true), (Ballot { n: 20, priority: 0, pid: 2 }, true)]
May 12 12:37:44.064 TRCE Initiate new heartbeat round: 88
May 12 12:37:44.399 TRCE Heartbeat timeout round: 88
May 12 12:37:44.405 DEBG Received a majority of heartbeats [(Ballot { n: 20, priority: 0, pid: 1 }, true), (Ballot { n: 19, priority: 0, pid: 3 }, true), (Ballot { n: 20, priority: 0, pid: 2 }, true)]
May 12 12:37:44.408 TRCE Initiate new heartbeat round: 89
May 12 12:37:45.212 TRCE Heartbeat timeout round: 89
May 12 12:37:45.216 DEBG Received a majority of heartbeats [(Ballot { n: 20, priority: 0, pid: 1 }, true), (Ballot { n: 20, priority: 0, pid: 2 }, true), (Ballot { n: 19, priority: 0, pid: 3 }, true)]
May 12 12:37:45.220 TRCE Initiate new heartbeat round: 90
May 12 12:37:46.053 TRCE Heartbeat timeout round: 90
May 12 12:37:46.058 DEBG Received a majority of heartbeats [(Ballot { n: 20, priority: 0, pid: 1 }, true), (Ballot { n: 19, priority: 0, pid: 3 }, true)]
May 12 12:37:46.061 TRCE Initiate new heartbeat round: 91
May 12 12:37:46.064 WARN Got late response, round 91, current delay 20, ballot Ballot { n: 20, priority: 0, pid: 2 }
May 12 12:37:46.147 TRCE Heartbeat timeout round: 91
May 12 12:37:46.150 WARN Did not receive a majority of heartbeats [(Ballot { n: 20, priority: 0, pid: 2 }, false)]
May 12 12:37:46.154 TRCE Initiate new heartbeat round: 92
May 12 12:37:46.302 WARN Got late response, round 92, current delay 20, ballot Ballot { n: 21, priority: 0, pid: 1 }
May 12 12:37:46.312 WARN Got late response, round 92, current delay 20, ballot Ballot { n: 19, priority: 0, pid: 3 }
May 12 12:37:46.774 TRCE Heartbeat timeout round: 92
May 12 12:37:46.777 DEBG Received a majority of heartbeats [(Ballot { n: 20, priority: 0, pid: 2 }, false), (Ballot { n: 21, priority: 0, pid: 1 }, true), (Ballot { n: 19, priority: 0, pid: 3 }, true)]
May 12 12:37:46.779 DEBG BLE 4, New Leader elected: Ballot { n: 21, priority: 0, pid: 1 }
May 12 12:37:46.781 TRCE Initiate new heartbeat round: 93
May 12 12:37:47.992 TRCE Heartbeat timeout round: 93
May 12 12:37:47.999 DEBG Received a majority of heartbeats [(Ballot { n: 20, priority: 0, pid: 2 }, true), (Ballot { n: 21, priority: 0, pid: 1 }, true), (Ballot { n: 19, priority: 0, pid: 3 }, true)]
May 12 12:37:48.021 DEBG BLE 4, New Leader elected: Ballot { n: 21, priority: 0, pid: 4 }
May 12 12:37:48.080 TRCE Initiate new heartbeat round: 94
May 12 12:37:48.710 TRCE Heartbeat timeout round: 94
May 12 12:37:48.714 DEBG Received a majority of heartbeats [(Ballot { n: 21, priority: 0, pid: 1 }, true), (Ballot { n: 19, priority: 0, pid: 3 }, true)]
May 12 12:37:48.716 TRCE Initiate new heartbeat round: 95
May 12 12:37:48.717 WARN Got late response, round 95, current delay 20, ballot Ballot { n: 20, priority: 0, pid: 2 }
May 12 12:37:48.733 TRCE Heartbeat timeout round: 95
May 12 12:37:48.736 WARN Did not receive a majority of heartbeats []
May 12 12:37:48.739 TRCE Initiate new heartbeat round: 96
May 12 12:37:48.843 WARN Got late response, round 96, current delay 20, ballot Ballot { n: 19, priority: 0, pid: 3 }
May 12 12:37:49.502 WARN Got late response, round 96, current delay 20, ballot Ballot { n: 20, priority: 0, pid: 2 }
May 12 12:37:49.505 WARN Got late response, round 96, current delay 20, ballot Ballot { n: 21, priority: 0, pid: 1 }
May 12 12:37:49.515 TRCE Heartbeat timeout round: 96
May 12 12:37:49.520 DEBG Received a majority of heartbeats [(Ballot { n: 19, priority: 0, pid: 3 }, true), (Ballot { n: 20, priority: 0, pid: 2 }, true), (Ballot { n: 21, priority: 0, pid: 1 }, true)]
May 12 12:37:49.523 TRCE Initiate new heartbeat round: 97
