May 09 16:41:30.638 INFO Ballot Leader Election componentMay 09 16:41:32.160 DEBG Newly elected leader: Ballot { n: 0, priority: 0, pid: 4 }
May 09 16:41:32.838 DEBG Newly elected leader: Ballot { n: 0, priority: 0, pid: 5 }
May 09 16:41:32.933 DEBG Handling promise from 4 in Prepare phase
May 09 16:41:32.964 DEBG Handling promise from 1 in Prepare phase
May 09 16:41:32.966 DEBG Self role Leader, phase Accept. Incoming message Promise Accept from 3
May 09 16:41:32.998 TRCE Got Accepted from 1, idx: 0, chosen_idx: 0
May 09 16:41:33.284 TRCE Got Accepted from 3, idx: 0, chosen_idx: 0
May 09 16:41:33.374 TRCE Got Accepted from 4, idx: 0, chosen_idx: 0
May 09 16:41:34.213 DEBG Newly elected leader: Ballot { n: 1, priority: 0, pid: 3 }
May 09 16:41:38.232 DEBG Newly elected leader: Ballot { n: 2, priority: 0, pid: 5 }
May 09 16:41:38.263 DEBG Handling promise from 1 in Prepare phase
May 09 16:41:38.481 DEBG Handling promise from 2 in Prepare phase
May 09 16:41:38.484 DEBG Self role Leader, phase Accept. Incoming message Promise Accept from 3
May 09 16:41:38.577 DEBG Self role Leader, phase Accept. Incoming message Promise Accept from 4
May 09 16:41:38.603 TRCE Got Accepted from 1, idx: 0, chosen_idx: 0
May 09 16:41:38.615 TRCE Got Accepted from 3, idx: 0, chosen_idx: 0
May 09 16:41:38.628 TRCE Got Accepted from 2, idx: 0, chosen_idx: 0
May 09 16:41:38.684 TRCE Got Accepted from 4, idx: 0, chosen_idx: 0
May 09 16:41:41.280 TRCE Got Accepted from 1, idx: 1, chosen_idx: 0
May 09 16:41:41.293 TRCE Got Accepted from 3, idx: 1, chosen_idx: 0
May 09 16:41:41.299 TRCE Got Accepted from 2, idx: 1, chosen_idx: 1
May 09 16:41:41.749 TRCE Got Accepted from 4, idx: 1, chosen_idx: 1
May 09 16:41:48.940 TRCE Incoming Forwarded Proposal
May 09 16:41:49.132 TRCE Got Accepted from 1, idx: 2, chosen_idx: 1
May 09 16:41:51.002 TRCE Got Accepted from 2, idx: 2, chosen_idx: 1
May 09 16:41:51.197 TRCE Got Accepted from 3, idx: 2, chosen_idx: 2
May 09 16:41:52.491 TRCE Got Accepted from 4, idx: 2, chosen_idx: 2
May 09 16:41:58.890 TRCE Incoming Forwarded Proposal
May 09 16:41:59.978 TRCE Got Accepted from 4, idx: 3, chosen_idx: 2
May 09 16:42:03.457 TRCE Got Accepted from 1, idx: 3, chosen_idx: 2
May 09 16:42:03.460 TRCE Incoming Forwarded Proposal
May 09 16:42:05.212 TRCE Got Accepted from 3, idx: 4, chosen_idx: 3
May 09 16:42:06.192 TRCE Got Accepted from 4, idx: 4, chosen_idx: 3
May 09 16:42:13.728 TRCE Got Accepted from 1, idx: 4, chosen_idx: 4
May 09 16:42:17.470 TRCE Got Accepted from 2, idx: 4, chosen_idx: 4
 priority: 0, pid: 4 }
May 09 16:41:33.456 TRCE Heartbeat request from 4
May 09 16:41:34.211 TRCE Heartbeat request from 2
May 09 16:41:34.216 TRCE Heartbeat timeout round: 4
May 09 16:41:34.219 DEBG Received a majority of heartbeats [(Ballot { n: 0, priority: 0, pid: 1 }, true), (Ballot { n: 1, priority: 0, pid: 3 }, true), (Ballot { n: 0, priority: 0, pid: 2 }, true), (Ballot { n: 0, priority: 0, pid: 4 }, true)]
May 09 16:41:34.221 DEBG BLE 5, New Leader elected: Ballot { n: 1, priority: 0, pid: 3 }
May 09 16:41:34.227 TRCE Initiate new heartbeat round: 5
May 09 16:41:34.242 TRCE Heartbeat request from 1
May 09 16:41:34.251 TRCE Heartbeat request from 3
May 09 16:41:34.338 TRCE Heartbeat request from 3
May 09 16:41:34.370 TRCE Heartbeat request from 2
May 09 16:41:34.389 TRCE Heartbeat request from 4
May 09 16:41:34.429 TRCE Heartbeat timeout round: 5
May 09 16:41:34.470 DEBG Received a majority of heartbeats [(Ballot { n: 0, priority: 0, pid: 1 }, true), (Ballot { n: 1, priority: 0, pid: 3 }, true), (Ballot { n: 1, priority: 0, pid: 2 }, true), (Ballot { n: 0, priority: 0, pid: 4 }, true)]
May 09 16:41:34.474 TRCE Initiate new heartbeat round: 6
May 09 16:41:35.194 TRCE Heartbeat request from 2
May 09 16:41:35.235 TRCE Heartbeat request from 3
May 09 16:41:35.255 TRCE Heartbeat timeout round: 6
May 09 16:41:35.301 DEBG Received a majority of heartbeats [(Ballot { n: 1, priority: 0, pid: 3 }, true), (Ballot { n: 0, priority: 0, pid: 4 }, true), (Ballot { n: 1, priority: 0, pid: 2 }, true)]
May 09 16:41:35.321 TRCE Initiate new heartbeat round: 7
May 09 16:41:35.336 WARN Got late response, round 7, current delay 20, ballot Ballot { n: 0, priority: 0, pid: 1 }
May 09 16:41:35.341 TRCE Heartbeat request from 1
May 09 16:41:35.366 TRCE Heartbeat request from 1
May 09 16:41:35.380 TRCE Heartbeat request from 4
May 09 16:41:35.906 TRCE Heartbeat request from 4
May 09 16:41:35.909 TRCE Heartbeat timeout round: 7
May 09 16:41:35.917 DEBG Received a majority of heartbeats [(Ballot { n: 0, priority: 0, pid: 1 }, true), (Ballot { n: 0, priority: 0, pid: 4 }, true), (Ballot { n: 1, priority: 0, pid: 3 }, true), (Ballot { n: 1, priority: 0, pid: 2 }, true)]
May 09 16:41:35.926 TRCE Initiate new heartbeat round: 8
May 09 16:41:35.935 TRCE Heartbeat request from 1
May 09 16:41:36.035 TRCE Heartbeat request from 3
May 09 16:41:36.044 TRCE Heartbeat request from 4
May 09 16:41:36.068 TRCE Heartbeat request from 2
May 09 16:41:36.099 TRCE Heartbeat request from 2
May 09 16:41:36.820 TRCE Heartbeat timeout round: 8
May 09 16:41:36.824 DEBG Received a majority of heartbeats [(Ballot { n: 0, priority: 0, pid: 1 }, true), (Ballot { n: 0, priority: 0, pid: 4 }, true), (Ballot { n: 1, priority: 0, pid: 3 }, true), (Ballot { n: 1, priority: 0, pid: 2 }, true)]
May 09 16:41:36.827 TRCE Initiate new heartbeat round: 9
May 09 16:41:36.829 TRCE Heartbeat request from 2
May 09 16:41:36.851 TRCE Heartbeat request from 1
May 09 16:41:36.853 TRCE Heartbeat request from 3
May 09 16:41:36.885 TRCE Heartbeat request from 3
May 09 16:41:36.918 TRCE Heartbeat request from 4
May 09 16:41:36.951 TRCE Heartbeat timeout round: 9
May 09 16:41:36.971 DEBG Received a majority of heartbeats [(Ballot { n: 0, priority: 0, pid: 1 }, true), (Ballot { n: 1, priority: 0, pid: 3 }, true), (Ballot { n: 0, priority: 0, pid: 4 }, true)]
May 09 16:41:36.973 TRCE Initiate new heartbeat round: 10
May 09 16:41:37.673 WARN Got late response, round 10, current delay 20, ballot Ballot { n: 1, priority: 0, pid: 2 }
May 09 16:41:37.677 TRCE Heartbeat request from 2
May 09 16:41:37.679 TRCE Heartbeat timeout round: 10
May 09 16:41:37.683 DEBG Received a majority of heartbeats [(Ballot { n: 1, priority: 0, pid: 3 }, false), (Ballot { n: 0, priority: 0, pid: 4 }, true), (Ballot { n: 1, priority: 0, pid: 2 }, true)]
May 09 16:41:37.689 TRCE Initiate new heartbeat round: 11
May 09 16:41:37.699 WARN Got late response, round 11, current delay 20, ballot Ballot { n: 0, priority: 0, pid: 1 }
May 09 16:41:37.706 TRCE Heartbeat request from 1
May 09 16:41:37.715 TRCE Heartbeat request from 1
May 09 16:41:37.771 TRCE Heartbeat request from 4
May 09 16:41:37.776 TRCE Heartbeat request from 3
May 09 16:41:38.183 TRCE Heartbeat request from 4
May 09 16:41:38.213 TRCE Heartbeat timeout round: 11
May 09 16:41:38.220 DEBG Received a majority of heartbeats [(Ballot { n: 2, priority: 0, pid: 1 }, true), (Ballot { n: 1, priority: 0, pid: 2 }, true), (Ballot { n: 2, priority: 0, pid: 3 }, true), (Ballot { n: 2, priority: 0, pid: 4 }, true)]
May 09 16:41:38.224 DEBG BLE 5, New Leader elected: Ballot { n: 2, priority: 0, pid: 5 }
May 09 16:41:38.236 TRCE Initiate new heartbeat round: 12
May 09 16:41:38.341 TRCE Heartbeat request from 1
May 09 16:41:38.500 TRCE Heartbeat request from 3
May 09 16:41:38.586 TRCE Heartbeat request from 2
May 09 16:41:39.252 TRCE Heartbeat timeout round: 12
May 09 16:41:39.259 DEBG Received a majority of heartbeats [(Ballot { n: 2, priority: 0, pid: 1 }, true), (Ballot { n: 2, priority: 0, pid: 4 }, true), (Ballot { n: 2, priority: 0, pid: 3 }, true)]
May 09 16:41:39.260 TRCE Initiate new heartbeat round: 13
May 09 16:41:39.473 TRCE Heartbeat timeout round: 13
May 09 16:41:39.475 WARN Did not receive a majority of heartbeats []
May 09 16:41:39.478 TRCE Initiate new heartbeat round: 14
May 09 16:41:40.109 TRCE Heartbeat timeout round: 14
May 09 16:41:40.111 WARN Did not receive a majority of heartbeats []
May 09 16:41:40.113 TRCE Initiate new heartbeat round: 15
May 09 16:41:40.957 TRCE Heartbeat timeout round: 15
May 09 16:41:40.959 WARN Did not receive a majority of heartbeats []
May 09 16:41:40.961 TRCE Initiate new heartbeat round: 16
May 09 16:41:41.745 TRCE Heartbeat timeout round: 16
May 09 16:41:41.751 WARN Did not receive a majority of heartbeats []
May 09 16:41:41.754 TRCE Initiate new heartbeat round: 17
May 09 16:41:41.998 TRCE Heartbeat timeout round: 17
May 09 16:41:42.001 WARN Did not receive a majority of heartbeats []
May 09 16:41:42.004 TRCE Initiate new heartbeat round: 18
May 09 16:41:42.627 TRCE Heartbeat timeout round: 18
May 09 16:41:42.631 WARN Did not receive a majority of heartbeats []
May 09 16:41:42.633 TRCE Initiate new heartbeat round: 19
May 09 16:41:43.259 TRCE Heartbeat timeout round: 19
May 09 16:41:43.261 WARN Did not receive a majority of heartbeats []
May 09 16:41:43.262 TRCE Initiate new heartbeat round: 20
May 09 16:41:44.015 TRCE Heartbeat timeout round: 20
May 09 16:41:44.018 WARN Did not receive a majority of heartbeats []
May 09 16:41:44.021 TRCE Initiate new heartbeat round: 21
May 09 16:41:44.520 TRCE Heartbeat timeout round: 21
May 09 16:41:44.523 WARN Did not receive a majority of heartbeats []
May 09 16:41:44.526 TRCE Initiate new heartbeat round: 22
May 09 16:41:45.460 TRCE Heartbeat timeout round: 22
May 09 16:41:45.463 WARN Did not receive a majority of heartbeats []
May 09 16:41:45.466 TRCE Initiate new heartbeat round: 23
May 09 16:41:45.778 TRCE Heartbeat timeout round: 23
May 09 16:41:45.781 WARN Did not receive a majority of heartbeats []
May 09 16:41:45.784 TRCE Initiate new heartbeat round: 24
May 09 16:41:46.409 TRCE Heartbeat timeout round: 24
May 09 16:41:46.413 WARN Did not receive a majority of heartbeats []
May 09 16:41:46.418 TRCE Initiate new heartbeat round: 25
May 09 16:41:47.039 TRCE Heartbeat timeout round: 25
May 09 16:41:47.042 WARN Did not receive a majority of heartbeats []
May 09 16:41:47.046 TRCE Initiate new heartbeat round: 26
May 09 16:41:47.667 TRCE Heartbeat timeout round: 26
May 09 16:41:47.669 WARN Did not receive a majority of heartbeats []
May 09 16:41:47.672 TRCE Initiate new heartbeat round: 27
May 09 16:41:48.546 TRCE Heartbeat timeout round: 27
May 09 16:41:48.548 WARN Did not receive a majority of heartbeats []
May 09 16:41:48.551 TRCE Initiate new heartbeat round: 28
May 09 16:41:48.923 TRCE Heartbeat timeout round: 28
May 09 16:41:48.926 WARN Did not receive a majority of heartbeats []
May 09 16:41:48.928 TRCE Initiate new heartbeat round: 29
May 09 16:41:49.551 TRCE Heartbeat timeout round: 29
May 09 16:41:49.555 WARN Did not receive a majority of heartbeats []
May 09 16:41:49.558 TRCE Initiate new heartbeat round: 30
May 09 16:41:50.766 TRCE Heartbeat timeout round: 30
May 09 16:41:50.773 WARN Did not receive a majority of heartbeats []
May 09 16:41:50.777 TRCE Initiate new heartbeat round: 31
May 09 16:41:50.797 TRCE Heartbeat timeout round: 31
May 09 16:41:50.800 WARN Did not receive a majority of heartbeats []
May 09 16:41:50.804 TRCE Initiate new heartbeat round: 32
May 09 16:41:51.429 TRCE Heartbeat timeout round: 32
May 09 16:41:51.432 WARN Did not receive a majority of heartbeats []
May 09 16:41:51.434 TRCE Initiate new heartbeat round: 33
May 09 16:41:52.475 TRCE Heartbeat timeout round: 33
May 09 16:41:52.477 WARN Did not receive a majority of heartbeats []
May 09 16:41:52.478 TRCE Initiate new heartbeat round: 34
May 09 16:41:52.694 TRCE Heartbeat timeout round: 34
May 09 16:41:52.696 WARN Did not receive a majority of heartbeats []
May 09 16:41:52.699 TRCE Initiate new heartbeat round: 35
May 09 16:41:53.323 TRCE Heartbeat timeout round: 35
May 09 16:41:53.327 WARN Did not receive a majority of heartbeats []
May 09 16:41:53.329 TRCE Initiate new heartbeat round: 36
May 09 16:41:54.516 TRCE Heartbeat timeout round: 36
May 09 16:41:54.518 WARN Did not receive a majority of heartbeats []
May 09 16:41:54.520 TRCE Initiate new heartbeat round: 37
May 09 16:41:54.579 TRCE Heartbeat timeout round: 37
May 09 16:41:54.582 WARN Did not receive a majority of heartbeats []
May 09 16:41:54.585 TRCE Initiate new heartbeat round: 38
May 09 16:41:55.210 TRCE Heartbeat timeout round: 38
May 09 16:41:55.213 WARN Did not receive a majority of heartbeats []
May 09 16:41:55.215 TRCE Initiate new heartbeat round: 39
May 09 16:41:56.065 TRCE Heartbeat timeout round: 39
May 09 16:41:56.068 WARN Did not receive a majority of heartbeats []
May 09 16:41:56.070 TRCE Initiate new heartbeat round: 40
May 09 16:41:56.480 TRCE Heartbeat timeout round: 40
May 09 16:41:56.483 WARN Did not receive a majority of heartbeats []
May 09 16:41:56.485 TRCE Initiate new heartbeat round: 41
May 09 16:41:57.272 TRCE Heartbeat timeout round: 41
May 09 16:41:57.275 WARN Did not receive a majority of heartbeats []
May 09 16:41:57.278 TRCE Initiate new heartbeat round: 42
May 09 16:41:57.738 TRCE Heartbeat timeout round: 42
May 09 16:41:57.740 WARN Did not receive a majority of heartbeats []
May 09 16:41:57.743 TRCE Initiate new heartbeat round: 43
May 09 16:41:58.436 TRCE Heartbeat timeout round: 43
May 09 16:41:58.438 WARN Did not receive a majority of heartbeats []
May 09 16:41:58.439 TRCE Initiate new heartbeat round: 44
May 09 16:41:58.999 TRCE Heartbeat timeout round: 44
May 09 16:41:59.001 WARN Did not receive a majority of heartbeats []
May 09 16:41:59.003 TRCE Initiate new heartbeat round: 45
May 09 16:42:00.013 TRCE Heartbeat timeout round: 45
May 09 16:42:00.016 WARN Did not receive a majority of heartbeats []
May 09 16:42:00.017 TRCE Initiate new heartbeat round: 46
May 09 16:42:00.262 TRCE Heartbeat timeout round: 46
May 09 16:42:00.265 WARN Did not receive a majority of heartbeats []
May 09 16:42:00.267 TRCE Initiate new heartbeat round: 47
May 09 16:42:00.900 TRCE Heartbeat timeout round: 47
May 09 16:42:00.904 WARN Did not receive a majority of heartbeats []
May 09 16:42:00.907 TRCE Initiate new heartbeat round: 48
May 09 16:42:01.756 TRCE Heartbeat timeout round: 48
May 09 16:42:01.759 WARN Did not receive a majority of heartbeats []
May 09 16:42:01.760 TRCE Initiate new heartbeat round: 49
May 09 16:42:02.165 TRCE Heartbeat timeout round: 49
May 09 16:42:02.167 WARN Did not receive a majority of heartbeats []
May 09 16:42:02.176 TRCE Initiate new heartbeat round: 50
May 09 16:42:03.489 TRCE Heartbeat timeout round: 50
May 09 16:42:03.491 WARN Did not receive a majority of heartbeats []
May 09 16:42:03.493 TRCE Initiate new heartbeat round: 51
May 09 16:42:03.496 TRCE Heartbeat timeout round: 51
May 09 16:42:03.499 WARN Did not receive a majority of heartbeats []
May 09 16:42:03.501 TRCE Initiate new heartbeat round: 52
May 09 16:42:04.058 TRCE Heartbeat timeout round: 52
May 09 16:42:04.062 WARN Did not receive a majority of heartbeats []
May 09 16:42:04.064 TRCE Initiate new heartbeat round: 53
May 09 16:42:05.194 TRCE Heartbeat timeout round: 53
May 09 16:42:05.196 WARN Did not receive a majority of heartbeats []
May 09 16:42:05.198 TRCE Initiate new heartbeat round: 54
May 09 16:42:05.320 TRCE Heartbeat timeout round: 54
May 09 16:42:05.322 WARN Did not receive a majority of heartbeats []
May 09 16:42:05.324 TRCE Initiate new heartbeat round: 55
May 09 16:42:06.175 TRCE Heartbeat timeout round: 55
May 09 16:42:06.178 WARN Did not receive a majority of heartbeats []
May 09 16:42:06.180 TRCE Initiate new heartbeat round: 56
May 09 16:42:07.244 TRCE Heartbeat timeout round: 56
May 09 16:42:07.247 WARN Did not receive a majority of heartbeats []
May 09 16:42:07.249 TRCE Initiate new heartbeat round: 57
May 09 16:42:07.251 TRCE Heartbeat timeout round: 57
May 09 16:42:07.254 WARN Did not receive a majority of heartbeats []
May 09 16:42:07.256 TRCE Initiate new heartbeat round: 58
May 09 16:42:07.842 TRCE Heartbeat timeout round: 58
May 09 16:42:07.845 WARN Did not receive a majority of heartbeats []
May 09 16:42:07.847 TRCE Initiate new heartbeat round: 59
May 09 16:42:08.658 TRCE Heartbeat timeout round: 59
May 09 16:42:08.661 WARN Did not receive a majority of heartbeats []
May 09 16:42:08.662 TRCE Initiate new heartbeat round: 60
May 09 16:42:09.094 TRCE Heartbeat timeout round: 60
May 09 16:42:09.097 WARN Did not receive a majority of heartbeats []
May 09 16:42:09.100 TRCE Initiate new heartbeat round: 61
May 09 16:42:10.377 TRCE Heartbeat timeout round: 61
May 09 16:42:10.380 WARN Did not receive a majority of heartbeats []
May 09 16:42:10.383 TRCE Initiate new heartbeat round: 62
May 09 16:42:10.386 TRCE Heartbeat timeout round: 62
May 09 16:42:10.389 WARN Did not receive a majority of heartbeats []
May 09 16:42:10.393 TRCE Initiate new heartbeat round: 63
May 09 16:42:10.973 TRCE Heartbeat timeout round: 63
May 09 16:42:10.976 WARN Did not receive a majority of heartbeats []
May 09 16:42:10.978 TRCE Initiate new heartbeat round: 64
May 09 16:42:12.017 TRCE Heartbeat timeout round: 64
May 09 16:42:12.024 WARN Did not receive a majority of heartbeats []
May 09 16:42:12.028 TRCE Initiate new heartbeat round: 65
May 09 16:42:12.237 TRCE Heartbeat timeout round: 65
May 09 16:42:12.241 WARN Did not receive a majority of heartbeats []
May 09 16:42:12.244 TRCE Initiate new heartbeat round: 66
May 09 16:42:12.863 TRCE Heartbeat timeout round: 66
May 09 16:42:12.866 WARN Did not receive a majority of heartbeats []
May 09 16:42:12.869 TRCE Initiate new heartbeat round: 67
May 09 16:42:13.712 TRCE Heartbeat timeout round: 67
May 09 16:42:13.714 WARN Did not receive a majority of heartbeats []
May 09 16:42:13.716 TRCE Initiate new heartbeat round: 68
May 09 16:42:14.623 TRCE Heartbeat timeout round: 68
May 09 16:42:14.625 WARN Did not receive a majority of heartbeats []
May 09 16:42:14.626 TRCE Initiate new heartbeat round: 69
May 09 16:42:14.746 TRCE Heartbeat timeout round: 69
May 09 16:42:14.749 WARN Did not receive a majority of heartbeats []
May 09 16:42:14.752 TRCE Initiate new heartbeat round: 70
May 09 16:42:15.753 TRCE Heartbeat timeout round: 70
May 09 16:42:15.756 WARN Did not receive a majority of heartbeats []
May 09 16:42:15.760 TRCE Initiate new heartbeat round: 71
May 09 16:42:16.008 TRCE Heartbeat timeout round: 71
May 09 16:42:16.011 WARN Did not receive a majority of heartbeats []
May 09 16:42:16.013 TRCE Initiate new heartbeat round: 72
May 09 16:42:16.638 TRCE Heartbeat timeout round: 72
May 09 16:42:16.640 WARN Did not receive a majority of heartbeats []
May 09 16:42:16.642 TRCE Initiate new heartbeat round: 73
May 09 16:42:17.498 TRCE Heartbeat timeout round: 73
May 09 16:42:17.503 WARN Did not receive a majority of heartbeats []
May 09 16:42:17.505 TRCE Initiate new heartbeat round: 74
May 09 16:42:17.905 TRCE Heartbeat timeout round: 74
May 09 16:42:17.908 WARN Did not receive a majority of heartbeats []
May 09 16:42:17.910 TRCE Initiate new heartbeat round: 75
May 09 16:42:19.224 TRCE Heartbeat timeout round: 75
May 09 16:42:19.225 WARN Did not receive a majority of heartbeats []
May 09 16:42:19.228 TRCE Initiate new heartbeat round: 76
May 09 16:42:19.229 TRCE Heartbeat timeout round: 76
May 09 16:42:19.231 WARN Did not receive a majority of heartbeats []
May 09 16:42:19.234 TRCE Initiate new heartbeat round: 77
May 09 16:42:19.790 TRCE Heartbeat timeout round: 77
May 09 16:42:19.793 WARN Did not receive a majority of heartbeats []
May 09 16:42:19.795 TRCE Initiate new heartbeat round: 78
May 09 16:42:20.954 TRCE Heartbeat timeout round: 78
May 09 16:42:20.957 WARN Did not receive a majority of heartbeats []
May 09 16:42:20.962 TRCE Initiate new heartbeat round: 79
May 09 16:42:21.050 TRCE Heartbeat timeout round: 79
May 09 16:42:21.054 WARN Did not receive a majority of heartbeats []
May 09 16:42:21.057 TRCE Initiate new heartbeat round: 80
May 09 16:42:21.685 TRCE Heartbeat timeout round: 80
May 09 16:42:21.688 WARN Did not receive a majority of heartbeats []
May 09 16:42:21.689 TRCE Initiate new heartbeat round: 81
May 09 16:42:22.693 TRCE Heartbeat timeout round: 81
May 09 16:42:22.695 WARN Did not receive a majority of heartbeats []
May 09 16:42:22.696 TRCE Initiate new heartbeat round: 82
May 09 16:42:22.944 TRCE Heartbeat timeout round: 82
May 09 16:42:22.948 WARN Did not receive a majority of heartbeats []
May 09 16:42:22.952 TRCE Initiate new heartbeat round: 83
May 09 16:42:23.987 TRCE Heartbeat timeout round: 83
May 09 16:42:23.990 WARN Did not receive a majority of heartbeats []
May 09 16:42:23.993 TRCE Initiate new heartbeat round: 84
May 09 16:42:24.208 TRCE Heartbeat timeout round: 84
May 09 16:42:24.211 WARN Did not receive a majority of heartbeats []
May 09 16:42:24.214 TRCE Initiate new heartbeat round: 85
May 09 16:42:25.439 TRCE Heartbeat timeout round: 85
May 09 16:42:25.441 WARN Did not receive a majority of heartbeats []
May 09 16:42:25.442 TRCE Initiate new heartbeat round: 86
May 09 16:42:25.471 TRCE Heartbeat timeout round: 86
May 09 16:42:25.473 WARN Did not receive a majority of heartbeats []
May 09 16:42:25.475 TRCE Initiate new heartbeat round: 87
May 09 16:42:26.097 TRCE Heartbeat timeout round: 87
May 09 16:42:26.099 WARN Did not receive a majority of heartbeats []
May 09 16:42:26.101 TRCE Initiate new heartbeat round: 88
May 09 16:42:27.161 TRCE Heartbeat timeout round: 88
May 09 16:42:27.164 WARN Did not receive a majority of heartbeats []
May 09 16:42:27.167 TRCE Initiate new heartbeat round: 89
May 09 16:42:27.350 TRCE Heartbeat timeout round: 89
May 09 16:42:27.352 WARN Did not receive a majority of heartbeats []
May 09 16:42:27.354 TRCE Initiate new heartbeat round: 90
May 09 16:42:28.392 TRCE Heartbeat timeout round: 90
May 09 16:42:28.395 WARN Did not receive a majority of heartbeats []
May 09 16:42:28.399 TRCE Initiate new heartbeat round: 91
