May 12 13:41:02.957 INFO Ballot Leader Election componentMay 12 13:41:04.224 DEBG Newly elected leader: Ballot { n: 0, priority: 0, pid: 3 }
May 12 13:41:05.479 DEBG Newly elected leader: Ballot { n: 1, priority: 0, pid: 2 }
May 12 13:41:05.508 DEBG Handling promise from 3 in Prepare phase
May 12 13:41:05.569 TRCE Got Accepted from 3, idx: 0, chosen_idx: 0
May 12 13:41:06.134 DEBG Self role Leader, phase Accept. Incoming message Promise Accept from 1
May 12 13:41:06.196 TRCE Got Accepted from 1, idx: 0, chosen_idx: 0
May 12 13:41:11.112 DEBG Newly elected leader: Ballot { n: 2, priority: 0, pid: 1 }
May 12 13:41:19.817 DEBG Newly elected leader: Ballot { n: 3, priority: 0, pid: 2 }
May 12 13:41:20.669 DEBG Newly elected leader: Ballot { n: 3, priority: 0, pid: 3 }
May 12 13:41:21.711 DEBG Newly elected leader: Ballot { n: 4, priority: 0, pid: 2 }
May 12 13:41:22.373 DEBG Handling promise from 1 in Prepare phase
May 12 13:41:22.381 DEBG Self role Leader, phase Accept. Incoming message Promise Accept from 3
May 12 13:41:22.395 DEBG Newly elected leader: Ballot { n: 4, priority: 0, pid: 3 }
May 12 13:41:23.538 DEBG Newly elected leader: Ballot { n: 5, priority: 0, pid: 1 }
 13:41:05.402 TRCE Heartbeat request from 3
May 12 13:41:05.403 TRCE Heartbeat request from 1
May 12 13:41:05.456 TRCE Heartbeat timeout round: 3
May 12 13:41:05.461 DEBG Received a majority of heartbeats [(Ballot { n: 1, priority: 0, pid: 1 }, true), (Ballot { n: 0, priority: 0, pid: 3 }, true)]
May 12 13:41:05.464 DEBG BLE 2, New Leader elected: Ballot { n: 1, priority: 0, pid: 2 }
May 12 13:41:05.467 TRCE Initiate new heartbeat round: 4
May 12 13:41:05.647 TRCE Heartbeat request from 3
May 12 13:41:06.085 TRCE Heartbeat timeout round: 4
May 12 13:41:06.087 DEBG Received a majority of heartbeats [(Ballot { n: 0, priority: 0, pid: 3 }, true)]
May 12 13:41:06.089 TRCE Initiate new heartbeat round: 5
May 12 13:41:06.152 WARN Got late response, round 5, current delay 20, ballot Ballot { n: 1, priority: 0, pid: 1 }
May 12 13:41:06.168 TRCE Heartbeat request from 1
May 12 13:41:06.277 TRCE Heartbeat request from 3
May 12 13:41:06.543 TRCE Heartbeat request from 1
May 12 13:41:06.731 TRCE Heartbeat timeout round: 5
May 12 13:41:06.733 DEBG Received a majority of heartbeats [(Ballot { n: 0, priority: 0, pid: 3 }, true), (Ballot { n: 1, priority: 0, pid: 1 }, true)]
May 12 13:41:06.735 TRCE Initiate new heartbeat round: 6
May 12 13:41:07.370 TRCE Heartbeat request from 3
May 12 13:41:07.373 TRCE Heartbeat request from 1
May 12 13:41:07.375 TRCE Heartbeat timeout round: 6
May 12 13:41:07.378 DEBG Received a majority of heartbeats [(Ballot { n: 1, priority: 0, pid: 1 }, true), (Ballot { n: 0, priority: 0, pid: 3 }, true)]
May 12 13:41:07.380 TRCE Initiate new heartbeat round: 7
May 12 13:41:07.528 TRCE Heartbeat request from 3
May 12 13:41:07.780 TRCE Heartbeat request from 1
May 12 13:41:07.966 TRCE Heartbeat timeout round: 7
May 12 13:41:07.969 DEBG Received a majority of heartbeats [(Ballot { n: 0, priority: 0, pid: 3 }, true), (Ballot { n: 1, priority: 0, pid: 1 }, true)]
May 12 13:41:07.971 TRCE Initiate new heartbeat round: 8
May 12 13:41:08.313 TRCE Heartbeat request from 3
May 12 13:41:08.449 TRCE Heartbeat request from 1
May 12 13:41:08.604 TRCE Heartbeat timeout round: 8
May 12 13:41:08.606 DEBG Received a majority of heartbeats [(Ballot { n: 1, priority: 0, pid: 1 }, true), (Ballot { n: 0, priority: 0, pid: 3 }, true)]
May 12 13:41:08.608 TRCE Initiate new heartbeat round: 9
May 12 13:41:09.305 TRCE Heartbeat request from 3
May 12 13:41:09.309 TRCE Heartbeat request from 1
May 12 13:41:09.312 TRCE Heartbeat timeout round: 9
May 12 13:41:09.319 DEBG Received a majority of heartbeats [(Ballot { n: 1, priority: 0, pid: 1 }, true), (Ballot { n: 0, priority: 0, pid: 3 }, true)]
May 12 13:41:09.322 TRCE Initiate new heartbeat round: 10
May 12 13:41:09.588 TRCE Heartbeat request from 3
May 12 13:41:09.833 TRCE Heartbeat timeout round: 10
May 12 13:41:09.839 DEBG Received a majority of heartbeats [(Ballot { n: 0, priority: 0, pid: 3 }, true)]
May 12 13:41:09.842 TRCE Initiate new heartbeat round: 11
May 12 13:41:09.844 WARN Got late response, round 11, current delay 20, ballot Ballot { n: 1, priority: 0, pid: 1 }
May 12 13:41:09.850 TRCE Heartbeat request from 1
May 12 13:41:10.893 TRCE Heartbeat request from 1
May 12 13:41:10.897 TRCE Heartbeat timeout round: 11
May 12 13:41:10.901 DEBG Received a majority of heartbeats [(Ballot { n: 1, priority: 0, pid: 1 }, true)]
May 12 13:41:10.903 TRCE Initiate new heartbeat round: 12
May 12 13:41:10.909 WARN Got late response, round 12, current delay 20, ballot Ballot { n: 0, priority: 0, pid: 3 }
May 12 13:41:10.912 TRCE Heartbeat request from 3
May 12 13:41:10.920 TRCE Heartbeat request from 3
May 12 13:41:11.050 TRCE Heartbeat request from 1
May 12 13:41:11.081 TRCE Heartbeat timeout round: 12
May 12 13:41:11.107 DEBG Received a majority of heartbeats [(Ballot { n: 0, priority: 0, pid: 3 }, false), (Ballot { n: 2, priority: 0, pid: 1 }, true)]
May 12 13:41:11.118 DEBG BLE 2, New Leader elected: Ballot { n: 2, priority: 0, pid: 1 }
May 12 13:41:11.121 TRCE Initiate new heartbeat round: 13
May 12 13:41:11.265 TRCE Heartbeat request from 3
May 12 13:41:11.510 TRCE Heartbeat request from 1
May 12 13:41:11.695 TRCE Heartbeat timeout round: 13
May 12 13:41:11.701 DEBG Received a majority of heartbeats [(Ballot { n: 2, priority: 0, pid: 1 }, true), (Ballot { n: 0, priority: 0, pid: 3 }, false)]
May 12 13:41:11.704 TRCE Initiate new heartbeat round: 14
May 12 13:41:11.979 TRCE Heartbeat request from 3
May 12 13:41:12.226 TRCE Heartbeat request from 1
May 12 13:41:12.946 TRCE Heartbeat timeout round: 14
May 12 13:41:12.964 DEBG Received a majority of heartbeats [(Ballot { n: 0, priority: 0, pid: 3 }, true), (Ballot { n: 2, priority: 0, pid: 1 }, true)]
May 12 13:41:12.969 TRCE Initiate new heartbeat round: 15
May 12 13:41:12.978 TRCE Heartbeat request from 3
May 12 13:41:12.981 TRCE Heartbeat timeout round: 15
May 12 13:41:13.002 WARN Did not receive a majority of heartbeats []
May 12 13:41:13.032 TRCE Initiate new heartbeat round: 16
May 12 13:41:13.052 TRCE Heartbeat request from 1
May 12 13:41:13.074 WARN Got late response, round 16, current delay 20, ballot Ballot { n: 2, priority: 0, pid: 1 }
May 12 13:41:13.087 WARN Got late response, round 16, current delay 20, ballot Ballot { n: 0, priority: 0, pid: 3 }
May 12 13:41:14.002 TRCE Heartbeat timeout round: 16
May 12 13:41:14.009 DEBG Received a majority of heartbeats [(Ballot { n: 2, priority: 0, pid: 1 }, true), (Ballot { n: 0, priority: 0, pid: 3 }, true)]
May 12 13:41:14.013 TRCE Initiate new heartbeat round: 17
May 12 13:41:14.041 TRCE Heartbeat request from 1
May 12 13:41:14.057 TRCE Heartbeat request from 3
May 12 13:41:14.086 TRCE Heartbeat request from 3
May 12 13:41:14.089 TRCE Heartbeat request from 1
May 12 13:41:14.187 TRCE Heartbeat timeout round: 17
May 12 13:41:14.191 DEBG Received a majority of heartbeats [(Ballot { n: 2, priority: 0, pid: 1 }, true), (Ballot { n: 0, priority: 0, pid: 3 }, false)]
May 12 13:41:14.193 TRCE Initiate new heartbeat round: 18
May 12 13:41:14.939 TRCE Heartbeat request from 3
May 12 13:41:14.942 TRCE Heartbeat timeout round: 18
May 12 13:41:14.964 DEBG Received a majority of heartbeats [(Ballot { n: 2, priority: 0, pid: 1 }, true), (Ballot { n: 0, priority: 0, pid: 3 }, false)]
May 12 13:41:14.976 TRCE Initiate new heartbeat round: 19
May 12 13:41:14.980 TRCE Heartbeat request from 1
May 12 13:41:15.250 TRCE Heartbeat request from 1
May 12 13:41:15.284 TRCE Heartbeat request from 3
May 12 13:41:15.436 TRCE Heartbeat timeout round: 19
May 12 13:41:15.442 DEBG Received a majority of heartbeats [(Ballot { n: 2, priority: 0, pid: 1 }, true), (Ballot { n: 0, priority: 0, pid: 3 }, true)]
May 12 13:41:15.444 TRCE Initiate new heartbeat round: 20
May 12 13:41:15.639 TRCE Heartbeat request from 3
May 12 13:41:16.369 TRCE Heartbeat request from 1
May 12 13:41:16.372 TRCE Heartbeat timeout round: 20
May 12 13:41:16.374 DEBG Received a majority of heartbeats [(Ballot { n: 0, priority: 0, pid: 3 }, true), (Ballot { n: 2, priority: 0, pid: 1 }, true)]
May 12 13:41:16.376 TRCE Initiate new heartbeat round: 21
May 12 13:41:16.379 TRCE Heartbeat request from 3
May 12 13:41:16.496 TRCE Heartbeat request from 1
May 12 13:41:16.682 TRCE Heartbeat timeout round: 21
May 12 13:41:16.686 DEBG Received a majority of heartbeats [(Ballot { n: 2, priority: 0, pid: 1 }, true)]
May 12 13:41:16.688 TRCE Initiate new heartbeat round: 22
May 12 13:41:16.932 WARN Got late response, round 22, current delay 20, ballot Ballot { n: 0, priority: 0, pid: 3 }
May 12 13:41:16.937 TRCE Heartbeat request from 3
May 12 13:41:17.305 TRCE Heartbeat timeout round: 22
May 12 13:41:17.308 DEBG Received a majority of heartbeats [(Ballot { n: 2, priority: 0, pid: 1 }, true), (Ballot { n: 0, priority: 0, pid: 3 }, true)]
May 12 13:41:17.311 TRCE Initiate new heartbeat round: 23
May 12 13:41:17.401 TRCE Heartbeat request from 1
May 12 13:41:17.492 TRCE Heartbeat request from 3
May 12 13:41:18.333 TRCE Heartbeat timeout round: 23
May 12 13:41:18.336 DEBG Received a majority of heartbeats [(Ballot { n: 0, priority: 0, pid: 3 }, true), (Ballot { n: 2, priority: 0, pid: 1 }, true)]
May 12 13:41:18.337 TRCE Initiate new heartbeat round: 24
May 12 13:41:18.387 TRCE Heartbeat request from 1
May 12 13:41:18.391 TRCE Heartbeat request from 3
May 12 13:41:18.422 TRCE Heartbeat request from 1
May 12 13:41:18.565 TRCE Heartbeat timeout round: 24
May 12 13:41:18.568 DEBG Received a majority of heartbeats [(Ballot { n: 0, priority: 0, pid: 3 }, true), (Ballot { n: 2, priority: 0, pid: 1 }, true)]
May 12 13:41:18.569 TRCE Initiate new heartbeat round: 25
May 12 13:41:18.759 TRCE Heartbeat request from 3
May 12 13:41:19.519 TRCE Heartbeat request from 1
May 12 13:41:19.522 TRCE Heartbeat timeout round: 25
May 12 13:41:19.526 DEBG Received a majority of heartbeats [(Ballot { n: 0, priority: 0, pid: 3 }, true), (Ballot { n: 2, priority: 0, pid: 1 }, false)]
May 12 13:41:19.528 TRCE Initiate new heartbeat round: 26
May 12 13:41:19.530 TRCE Heartbeat request from 3
May 12 13:41:19.614 TRCE Heartbeat request from 1
May 12 13:41:19.801 TRCE Heartbeat timeout round: 26
May 12 13:41:19.804 DEBG Received a majority of heartbeats [(Ballot { n: 3, priority: 0, pid: 1 }, true)]
May 12 13:41:19.806 DEBG BLE 2, New Leader elected: Ballot { n: 3, priority: 0, pid: 2 }
May 12 13:41:19.808 TRCE Initiate new heartbeat round: 27
May 12 13:41:20.649 WARN Got late response, round 27, current delay 20, ballot Ballot { n: 3, priority: 0, pid: 3 }
May 12 13:41:20.682 TRCE Heartbeat request from 3
May 12 13:41:20.696 TRCE Heartbeat timeout round: 27
May 12 13:41:20.763 DEBG Received a majority of heartbeats [(Ballot { n: 3, priority: 0, pid: 1 }, true), (Ballot { n: 3, priority: 0, pid: 3 }, true)]
May 12 13:41:20.767 DEBG BLE 2, New Leader elected: Ballot { n: 3, priority: 0, pid: 3 }
May 12 13:41:20.784 TRCE Initiate new heartbeat round: 28
May 12 13:41:20.788 TRCE Heartbeat request from 3
May 12 13:41:20.816 TRCE Heartbeat request from 1
May 12 13:41:21.045 TRCE Heartbeat timeout round: 28
May 12 13:41:21.048 DEBG Received a majority of heartbeats [(Ballot { n: 3, priority: 0, pid: 1 }, true), (Ballot { n: 3, priority: 0, pid: 3 }, false)]
May 12 13:41:21.049 TRCE Initiate new heartbeat round: 29
May 12 13:41:21.263 TRCE Heartbeat request from 1
May 12 13:41:21.420 TRCE Heartbeat request from 3
May 12 13:41:21.482 TRCE Heartbeat request from 1
May 12 13:41:21.686 TRCE Heartbeat timeout round: 29
May 12 13:41:21.703 DEBG Received a majority of heartbeats [(Ballot { n: 4, priority: 0, pid: 1 }, true), (Ballot { n: 3, priority: 0, pid: 3 }, false)]
May 12 13:41:21.714 DEBG BLE 2, New Leader elected: Ballot { n: 4, priority: 0, pid: 2 }
May 12 13:41:21.717 TRCE Initiate new heartbeat round: 30
May 12 13:41:22.393 TRCE Heartbeat request from 3
May 12 13:41:22.397 TRCE Heartbeat timeout round: 30
May 12 13:41:22.407 DEBG Received a majority of heartbeats [(Ballot { n: 4, priority: 0, pid: 1 }, true), (Ballot { n: 4, priority: 0, pid: 3 }, true)]
May 12 13:41:22.410 DEBG BLE 2, New Leader elected: Ballot { n: 4, priority: 0, pid: 3 }
May 12 13:41:22.434 TRCE Initiate new heartbeat round: 31
May 12 13:41:22.512 TRCE Heartbeat request from 3
May 12 13:41:22.668 TRCE Heartbeat request from 1
May 12 13:41:22.730 TRCE Heartbeat request from 1
May 12 13:41:23.542 TRCE Heartbeat timeout round: 31
May 12 13:41:23.547 DEBG Received a majority of heartbeats [(Ballot { n: 4, priority: 0, pid: 3 }, true), (Ballot { n: 5, priority: 0, pid: 1 }, true)]
May 12 13:41:23.548 DEBG BLE 2, New Leader elected: Ballot { n: 5, priority: 0, pid: 1 }
May 12 13:41:23.550 TRCE Initiate new heartbeat round: 32
May 12 13:41:23.580 TRCE Heartbeat request from 3
May 12 13:41:23.594 TRCE Heartbeat request from 1
May 12 13:41:23.609 TRCE Heartbeat timeout round: 32
May 12 13:41:23.611 WARN Did not receive a majority of heartbeats []
May 12 13:41:23.616 TRCE Initiate new heartbeat round: 33
May 12 13:41:23.618 WARN Got late response, round 33, current delay 20, ballot Ballot { n: 5, priority: 0, pid: 1 }
May 12 13:41:23.620 WARN Got late response, round 33, current delay 20, ballot Ballot { n: 4, priority: 0, pid: 3 }
May 12 13:41:23.728 TRCE Heartbeat request from 3
May 12 13:41:24.445 TRCE Heartbeat request from 1
May 12 13:41:24.449 TRCE Heartbeat timeout round: 33
May 12 13:41:24.473 DEBG Received a majority of heartbeats [(Ballot { n: 5, priority: 0, pid: 1 }, true), (Ballot { n: 4, priority: 0, pid: 3 }, true)]
May 12 13:41:24.492 TRCE Initiate new heartbeat round: 34
May 12 13:41:24.499 TRCE Heartbeat request from 3
May 12 13:41:25.200 TRCE Heartbeat timeout round: 34
May 12 13:41:25.223 DEBG Received a majority of heartbeats [(Ballot { n: 4, priority: 0, pid: 3 }, true), (Ballot { n: 5, priority: 0, pid: 1 }, true)]
May 12 13:41:25.226 TRCE Initiate new heartbeat round: 35
May 12 13:41:25.235 TRCE Heartbeat request from 1
May 12 13:41:25.239 TRCE Heartbeat request from 3
May 12 13:41:25.264 TRCE Heartbeat request from 1
May 12 13:41:26.015 TRCE Heartbeat timeout round: 35
May 12 13:41:26.019 DEBG Received a majority of heartbeats [(Ballot { n: 4, priority: 0, pid: 3 }, true), (Ballot { n: 5, priority: 0, pid: 1 }, true)]
May 12 13:41:26.021 TRCE Initiate new heartbeat round: 36
